<?xml version="1.0" encoding="UTF-8"?>
<!-- Generated by org.testng.reporters.JUnitReportReporter -->
<testsuite hostname="DESKTOP-6FM3ETO" failures="0" tests="1" name="com.siam.Automation" time="20.704" errors="0" timestamp="06 Oct 2023 06:28:16 GMT" skipped="0">
  <testcase classname="com.siam.Automation" name="openUrl" time="20.704"/>
</testsuite> <!-- com.siam.Automation -->
